\BOOKMARK [0][-]{chapter.1}{Features}{}% 1
\BOOKMARK [1][-]{section.1.1}{Planning management}{chapter.1}% 2
\BOOKMARK [1][-]{section.1.2}{Resource management}{chapter.1}% 3
\BOOKMARK [1][-]{section.1.3}{Tickets management}{chapter.1}% 4
\BOOKMARK [1][-]{section.1.4}{Costs management}{chapter.1}% 5
\BOOKMARK [1][-]{section.1.5}{Quality management}{chapter.1}% 6
\BOOKMARK [1][-]{section.1.6}{Risks management}{chapter.1}% 7
\BOOKMARK [1][-]{section.1.7}{Perimeter management}{chapter.1}% 8
\BOOKMARK [1][-]{section.1.8}{Commitments management}{chapter.1}% 9
\BOOKMARK [1][-]{section.1.9}{Tools}{chapter.1}% 10
\BOOKMARK [0][-]{chapter.2}{Graphical user interface}{}% 11
\BOOKMARK [1][-]{section.2.1}{Top bar}{chapter.2}% 12
\BOOKMARK [1][-]{section.2.2}{Logo area}{chapter.2}% 13
\BOOKMARK [1][-]{section.2.3}{Menu and Documents windows}{chapter.2}% 14
\BOOKMARK [1][-]{section.2.4}{Message and Link windows}{chapter.2}% 15
\BOOKMARK [1][-]{section.2.5}{Main area}{chapter.2}% 16
\BOOKMARK [1][-]{section.2.6}{List window}{chapter.2}% 17
\BOOKMARK [1][-]{section.2.7}{Detail window}{chapter.2}% 18
\BOOKMARK [1][-]{section.2.8}{Info bar}{chapter.2}% 19
\BOOKMARK [1][-]{section.2.9}{Common sections}{chapter.2}% 20
\BOOKMARK [1][-]{section.2.10}{Alerts}{chapter.2}% 21
\BOOKMARK [1][-]{section.2.11}{Themes}{chapter.2}% 22
\BOOKMARK [1][-]{section.2.12}{Multilingual}{chapter.2}% 23
\BOOKMARK [1][-]{section.2.13}{User parameters}{chapter.2}% 24
\BOOKMARK [0][-]{chapter.3}{Planning elements}{}% 25
\BOOKMARK [1][-]{section.3.1}{Project}{chapter.3}% 26
\BOOKMARK [1][-]{section.3.2}{Activity}{chapter.3}% 27
\BOOKMARK [1][-]{section.3.3}{Milestone}{chapter.3}% 28
\BOOKMARK [1][-]{section.3.4}{Common sections}{chapter.3}% 29
\BOOKMARK [0][-]{chapter.4}{Real work allocation}{}% 30
\BOOKMARK [1][-]{section.4.1}{Real work allocation}{chapter.4}% 31
\BOOKMARK [0][-]{chapter.5}{Follow-up}{}% 32
\BOOKMARK [1][-]{section.5.1}{Today}{chapter.5}% 33
\BOOKMARK [1][-]{section.5.2}{Gantt chart}{chapter.5}% 34
\BOOKMARK [1][-]{section.5.3}{Planning}{chapter.5}% 35
\BOOKMARK [1][-]{section.5.4}{Projects portfolio}{chapter.5}% 36
\BOOKMARK [1][-]{section.5.5}{Resource Planning}{chapter.5}% 37
\BOOKMARK [1][-]{section.5.6}{Diary planning}{chapter.5}% 38
\BOOKMARK [1][-]{section.5.7}{Report}{chapter.5}% 39
\BOOKMARK [0][-]{chapter.6}{Document management}{}% 40
\BOOKMARK [1][-]{section.6.1}{Document}{chapter.6}% 41
\BOOKMARK [0][-]{chapter.7}{Ticket management}{}% 42
\BOOKMARK [1][-]{section.7.1}{Ticket}{chapter.7}% 43
\BOOKMARK [1][-]{section.7.2}{Simple ticket}{chapter.7}% 44
\BOOKMARK [0][-]{chapter.8}{Requirements et Tests}{}% 45
\BOOKMARK [1][-]{section.8.1}{Requirement}{chapter.8}% 46
\BOOKMARK [1][-]{section.8.2}{Test case}{chapter.8}% 47
\BOOKMARK [1][-]{section.8.3}{Test session}{chapter.8}% 48
\BOOKMARK [0][-]{chapter.9}{Risk \046 Issue Management}{}% 49
\BOOKMARK [1][-]{section.9.1}{Risk}{chapter.9}% 50
\BOOKMARK [1][-]{section.9.2}{Opportunity}{chapter.9}% 51
\BOOKMARK [1][-]{section.9.3}{Issue}{chapter.9}% 52
\BOOKMARK [1][-]{section.9.4}{Action}{chapter.9}% 53
\BOOKMARK [0][-]{chapter.10}{Financial}{}% 54
\BOOKMARK [1][-]{section.10.1}{Individual expense}{chapter.10}% 55
\BOOKMARK [1][-]{section.10.2}{Project expense}{chapter.10}% 56
\BOOKMARK [1][-]{section.10.3}{Quotation}{chapter.10}% 57
\BOOKMARK [1][-]{section.10.4}{Order}{chapter.10}% 58
\BOOKMARK [1][-]{section.10.5}{Bill}{chapter.10}% 59
\BOOKMARK [1][-]{section.10.6}{Term}{chapter.10}% 60
\BOOKMARK [1][-]{section.10.7}{Activity Price}{chapter.10}% 61
\BOOKMARK [0][-]{chapter.11}{Review logs}{}% 62
\BOOKMARK [1][-]{section.11.1}{Meeting}{chapter.11}% 63
\BOOKMARK [1][-]{section.11.2}{Periodic Meeting}{chapter.11}% 64
\BOOKMARK [1][-]{section.11.3}{Section: Progress}{chapter.11}% 65
\BOOKMARK [1][-]{section.11.4}{Decision}{chapter.11}% 66
\BOOKMARK [1][-]{section.11.5}{Question}{chapter.11}% 67
\BOOKMARK [0][-]{chapter.12}{Environmental parameters}{}% 68
\BOOKMARK [1][-]{section.12.1}{Product}{chapter.12}% 69
\BOOKMARK [1][-]{section.12.2}{Version}{chapter.12}% 70
\BOOKMARK [1][-]{section.12.3}{Resource}{chapter.12}% 71
\BOOKMARK [1][-]{section.12.4}{Contact}{chapter.12}% 72
\BOOKMARK [1][-]{section.12.5}{User}{chapter.12}% 73
\BOOKMARK [1][-]{section.12.6}{Team}{chapter.12}% 74
\BOOKMARK [1][-]{section.12.7}{Calendar}{chapter.12}% 75
\BOOKMARK [1][-]{section.12.8}{Customer}{chapter.12}% 76
\BOOKMARK [1][-]{section.12.9}{Recipient}{chapter.12}% 77
\BOOKMARK [1][-]{section.12.10}{Context}{chapter.12}% 78
\BOOKMARK [1][-]{section.12.11}{Document Directory}{chapter.12}% 79
\BOOKMARK [0][-]{chapter.13}{Tools}{}% 80
\BOOKMARK [1][-]{section.13.1}{Emails sent}{chapter.13}% 81
\BOOKMARK [1][-]{section.13.2}{Alerts}{chapter.13}% 82
\BOOKMARK [1][-]{section.13.3}{Message}{chapter.13}% 83
\BOOKMARK [1][-]{section.13.4}{Import data}{chapter.13}% 84
\BOOKMARK [0][-]{chapter.14}{Controls \046 Automation}{}% 85
\BOOKMARK [1][-]{section.14.1}{Workflow}{chapter.14}% 86
\BOOKMARK [1][-]{section.14.2}{Mail on event}{chapter.14}% 87
\BOOKMARK [1][-]{section.14.3}{Delay for Ticket}{chapter.14}% 88
\BOOKMARK [1][-]{section.14.4}{Indicator}{chapter.14}% 89
\BOOKMARK [1][-]{section.14.5}{Predefined notes}{chapter.14}% 90
\BOOKMARK [1][-]{section.14.6}{Checklist definition}{chapter.14}% 91
\BOOKMARK [1][-]{section.14.7}{Receivers list}{chapter.14}% 92
\BOOKMARK [0][-]{chapter.15}{Access rights}{}% 93
\BOOKMARK [1][-]{section.15.1}{Profile}{chapter.15}% 94
\BOOKMARK [1][-]{section.15.2}{Access mode}{chapter.15}% 95
\BOOKMARK [1][-]{section.15.3}{Access to forms}{chapter.15}% 96
\BOOKMARK [1][-]{section.15.4}{Access to reports}{chapter.15}% 97
\BOOKMARK [1][-]{section.15.5}{Access mode to data \(project dependant\)}{chapter.15}% 98
\BOOKMARK [1][-]{section.15.6}{Access mode to data \(not project dependant\)}{chapter.15}% 99
\BOOKMARK [1][-]{section.15.7}{Specific access mode}{chapter.15}% 100
\BOOKMARK [0][-]{chapter.16}{Lists of types}{}% 101
\BOOKMARK [1][-]{section.16.1}{Project type}{chapter.16}% 102
\BOOKMARK [1][-]{section.16.2}{Ticket type}{chapter.16}% 103
\BOOKMARK [1][-]{section.16.3}{Activity type}{chapter.16}% 104
\BOOKMARK [1][-]{section.16.4}{Milestone type}{chapter.16}% 105
\BOOKMARK [1][-]{section.16.5}{Quotation type}{chapter.16}% 106
\BOOKMARK [1][-]{section.16.6}{Order type}{chapter.16}% 107
\BOOKMARK [1][-]{section.16.7}{Individual expense type}{chapter.16}% 108
\BOOKMARK [1][-]{section.16.8}{Project expense type}{chapter.16}% 109
\BOOKMARK [1][-]{section.16.9}{Expense detail type}{chapter.16}% 110
\BOOKMARK [1][-]{section.16.10}{Bill type}{chapter.16}% 111
\BOOKMARK [1][-]{section.16.11}{Risk type}{chapter.16}% 112
\BOOKMARK [1][-]{section.16.12}{Opportunity type}{chapter.16}% 113
\BOOKMARK [1][-]{section.16.13}{Action type}{chapter.16}% 114
\BOOKMARK [1][-]{section.16.14}{Issue type}{chapter.16}% 115
\BOOKMARK [1][-]{section.16.15}{Meeting type}{chapter.16}% 116
\BOOKMARK [1][-]{section.16.16}{Decision type}{chapter.16}% 117
\BOOKMARK [1][-]{section.16.17}{Question type}{chapter.16}% 118
\BOOKMARK [1][-]{section.16.18}{Message type}{chapter.16}% 119
\BOOKMARK [1][-]{section.16.19}{Document type}{chapter.16}% 120
\BOOKMARK [1][-]{section.16.20}{Context type}{chapter.16}% 121
\BOOKMARK [1][-]{section.16.21}{Requirement type}{chapter.16}% 122
\BOOKMARK [1][-]{section.16.22}{Test case type}{chapter.16}% 123
\BOOKMARK [1][-]{section.16.23}{Test session type}{chapter.16}% 124
\BOOKMARK [1][-]{section.16.24}{Customer type}{chapter.16}% 125
\BOOKMARK [1][-]{section.16.25}{Section: Behavior}{chapter.16}% 126
\BOOKMARK [0][-]{chapter.17}{Lists of values}{}% 127
\BOOKMARK [1][-]{section.17.1}{Function}{chapter.17}% 128
\BOOKMARK [1][-]{section.17.2}{Status}{chapter.17}% 129
\BOOKMARK [1][-]{section.17.3}{Quality level}{chapter.17}% 130
\BOOKMARK [1][-]{section.17.4}{Health Status}{chapter.17}% 131
\BOOKMARK [1][-]{section.17.5}{Overall progress}{chapter.17}% 132
\BOOKMARK [1][-]{section.17.6}{Trend}{chapter.17}% 133
\BOOKMARK [1][-]{section.17.7}{Likelihood}{chapter.17}% 134
\BOOKMARK [1][-]{section.17.8}{Criticality}{chapter.17}% 135
\BOOKMARK [1][-]{section.17.9}{Severity}{chapter.17}% 136
\BOOKMARK [1][-]{section.17.10}{Urgency}{chapter.17}% 137
\BOOKMARK [1][-]{section.17.11}{Priority}{chapter.17}% 138
\BOOKMARK [1][-]{section.17.12}{Risk level}{chapter.17}% 139
\BOOKMARK [1][-]{section.17.13}{Feasibility}{chapter.17}% 140
\BOOKMARK [1][-]{section.17.14}{Efficiency}{chapter.17}% 141
\BOOKMARK [0][-]{chapter.18}{Administration}{}% 142
\BOOKMARK [1][-]{section.18.1}{Administration console}{chapter.18}% 143
\BOOKMARK [1][-]{section.18.2}{Audit connections}{chapter.18}% 144
\BOOKMARK [1][-]{section.18.3}{Global parameters}{chapter.18}% 145
\BOOKMARK [0][-]{chapter.19}{Glossary}{}% 146
\BOOKMARK [1][-]{section.19.1}{Glossary}{chapter.19}% 147
